{"/home/roger/Documents/Buse/index.js":{"path":"/home/roger/Documents/Buse/index.js","s":{"1":1,"2":1,"3":1,"4":1,"5":1},"b":{},"f":{},"fnMap":{},"statementMap":{"1":{"start":{"line":1,"column":0},"end":{"line":1,"column":44}},"2":{"start":{"line":2,"column":0},"end":{"line":2,"column":35}},"3":{"start":{"line":3,"column":0},"end":{"line":3,"column":33}},"4":{"start":{"line":5,"column":0},"end":{"line":5,"column":59}},"5":{"start":{"line":6,"column":0},"end":{"line":6,"column":15}}},"branchMap":{}},"/home/roger/Documents/Buse/server.js":{"path":"/home/roger/Documents/Buse/server.js","s":{"1":1,"2":1,"3":1,"4":1,"5":1,"6":1,"7":1,"8":1,"9":1,"10":1,"11":1,"12":1,"13":1,"14":1},"b":{"1":[1,1]},"f":{"1":1,"2":1},"fnMap":{"1":{"name":"(anonymous_1)","line":7,"loc":{"start":{"line":7,"column":14},"end":{"line":7,"column":25}}},"2":{"name":"start","line":14,"loc":{"start":{"line":14,"column":0},"end":{"line":14,"column":17}}}},"statementMap":{"1":{"start":{"line":2,"column":0},"end":{"line":2,"column":34}},"2":{"start":{"line":3,"column":0},"end":{"line":3,"column":22}},"3":{"start":{"line":4,"column":0},"end":{"line":4,"column":22}},"4":{"start":{"line":7,"column":0},"end":{"line":12,"column":3}},"5":{"start":{"line":8,"column":1},"end":{"line":8,"column":31}},"6":{"start":{"line":9,"column":1},"end":{"line":9,"column":25}},"7":{"start":{"line":10,"column":1},"end":{"line":10,"column":31}},"8":{"start":{"line":11,"column":1},"end":{"line":11,"column":35}},"9":{"start":{"line":14,"column":0},"end":{"line":20,"column":1}},"10":{"start":{"line":16,"column":1},"end":{"line":16,"column":33}},"11":{"start":{"line":18,"column":1},"end":{"line":18,"column":38}},"12":{"start":{"line":19,"column":1},"end":{"line":19,"column":59}},"13":{"start":{"line":23,"column":0},"end":{"line":23,"column":22}},"14":{"start":{"line":24,"column":0},"end":{"line":24,"column":18}}},"branchMap":{"1":{"line":18,"type":"binary-expr","locations":[{"start":{"line":18,"column":12},"end":{"line":18,"column":28}},{"start":{"line":18,"column":32},"end":{"line":18,"column":36}}]}}},"/home/roger/Documents/Buse/app/routes.js":{"path":"/home/roger/Documents/Buse/app/routes.js","s":{"1":1,"2":1,"3":1,"4":1,"5":1,"6":0,"7":1,"8":1,"9":1,"10":1,"11":0,"12":1,"13":1,"14":0,"15":1,"16":1,"17":1,"18":1,"19":0,"20":1,"21":1,"22":0,"23":1,"24":1,"25":2,"26":2,"27":0,"28":2,"29":1,"30":1,"31":1,"32":1,"33":1,"34":1,"35":1,"36":1},"b":{"1":[0,1],"2":[0,1],"3":[0,1],"4":[0,1],"5":[0,1],"6":[0,2],"7":[1,1]},"f":{"1":1,"2":1,"3":1,"4":1,"5":1,"6":1,"7":1,"8":1,"9":1,"10":2,"11":2,"12":1,"13":1,"14":1},"fnMap":{"1":{"name":"(anonymous_1)","line":5,"loc":{"start":{"line":5,"column":17},"end":{"line":5,"column":31}}},"2":{"name":"(anonymous_2)","line":9,"loc":{"start":{"line":9,"column":23},"end":{"line":9,"column":42}}},"3":{"name":"(anonymous_3)","line":10,"loc":{"start":{"line":10,"column":11},"end":{"line":10,"column":32}}},"4":{"name":"(anonymous_4)","line":18,"loc":{"start":{"line":18,"column":24},"end":{"line":18,"column":43}}},"5":{"name":"(anonymous_5)","line":25,"loc":{"start":{"line":25,"column":5},"end":{"line":25,"column":24}}},"6":{"name":"(anonymous_6)","line":30,"loc":{"start":{"line":30,"column":12},"end":{"line":30,"column":33}}},"7":{"name":"(anonymous_7)","line":40,"loc":{"start":{"line":40,"column":33},"end":{"line":40,"column":52}}},"8":{"name":"(anonymous_8)","line":45,"loc":{"start":{"line":45,"column":3},"end":{"line":45,"column":22}}},"9":{"name":"(anonymous_9)","line":49,"loc":{"start":{"line":49,"column":13},"end":{"line":49,"column":34}}},"10":{"name":"(anonymous_10)","line":59,"loc":{"start":{"line":59,"column":31},"end":{"line":59,"column":50}}},"11":{"name":"(anonymous_11)","line":60,"loc":{"start":{"line":60,"column":43},"end":{"line":60,"column":62}}},"12":{"name":"(anonymous_12)","line":81,"loc":{"start":{"line":81,"column":21},"end":{"line":81,"column":40}}},"13":{"name":"(anonymous_13)","line":85,"loc":{"start":{"line":85,"column":21},"end":{"line":85,"column":40}}},"14":{"name":"(anonymous_14)","line":89,"loc":{"start":{"line":89,"column":14},"end":{"line":89,"column":33}}}},"statementMap":{"1":{"start":{"line":2,"column":0},"end":{"line":2,"column":34}},"2":{"start":{"line":5,"column":0},"end":{"line":93,"column":2}},"3":{"start":{"line":9,"column":1},"end":{"line":15,"column":4}},"4":{"start":{"line":10,"column":2},"end":{"line":14,"column":5}},"5":{"start":{"line":11,"column":3},"end":{"line":13,"column":3}},"6":{"start":{"line":12,"column":4},"end":{"line":13,"column":3}},"7":{"start":{"line":13,"column":3},"end":{"line":13,"column":31}},"8":{"start":{"line":18,"column":1},"end":{"line":37,"column":4}},"9":{"start":{"line":20,"column":2},"end":{"line":35,"column":5}},"10":{"start":{"line":26,"column":3},"end":{"line":27,"column":18}},"11":{"start":{"line":27,"column":4},"end":{"line":27,"column":18}},"12":{"start":{"line":30,"column":3},"end":{"line":34,"column":6}},"13":{"start":{"line":31,"column":4},"end":{"line":33,"column":4}},"14":{"start":{"line":32,"column":5},"end":{"line":33,"column":4}},"15":{"start":{"line":33,"column":4},"end":{"line":33,"column":20}},"16":{"start":{"line":40,"column":1},"end":{"line":56,"column":4}},"17":{"start":{"line":41,"column":2},"end":{"line":55,"column":6}},"18":{"start":{"line":46,"column":4},"end":{"line":48,"column":5}},"19":{"start":{"line":47,"column":5},"end":{"line":47,"column":31}},"20":{"start":{"line":49,"column":4},"end":{"line":54,"column":7}},"21":{"start":{"line":50,"column":5},"end":{"line":52,"column":6}},"22":{"start":{"line":51,"column":6},"end":{"line":51,"column":29}},"23":{"start":{"line":53,"column":5},"end":{"line":53,"column":28}},"24":{"start":{"line":59,"column":1},"end":{"line":78,"column":4}},"25":{"start":{"line":60,"column":2},"end":{"line":77,"column":5}},"26":{"start":{"line":61,"column":3},"end":{"line":69,"column":4}},"27":{"start":{"line":62,"column":4},"end":{"line":62,"column":30}},"28":{"start":{"line":65,"column":4},"end":{"line":68,"column":28}},"29":{"start":{"line":66,"column":5},"end":{"line":66,"column":28}},"30":{"start":{"line":68,"column":5},"end":{"line":68,"column":28}},"31":{"start":{"line":81,"column":1},"end":{"line":83,"column":4}},"32":{"start":{"line":82,"column":2},"end":{"line":82,"column":52}},"33":{"start":{"line":85,"column":1},"end":{"line":87,"column":4}},"34":{"start":{"line":86,"column":2},"end":{"line":86,"column":52}},"35":{"start":{"line":89,"column":1},"end":{"line":91,"column":4}},"36":{"start":{"line":90,"column":2},"end":{"line":90,"column":50}}},"branchMap":{"1":{"line":11,"type":"if","locations":[{"start":{"line":11,"column":3},"end":{"line":11,"column":3}},{"start":{"line":11,"column":3},"end":{"line":11,"column":3}}]},"2":{"line":26,"type":"if","locations":[{"start":{"line":26,"column":3},"end":{"line":26,"column":3}},{"start":{"line":26,"column":3},"end":{"line":26,"column":3}}]},"3":{"line":31,"type":"if","locations":[{"start":{"line":31,"column":4},"end":{"line":31,"column":4}},{"start":{"line":31,"column":4},"end":{"line":31,"column":4}}]},"4":{"line":46,"type":"if","locations":[{"start":{"line":46,"column":4},"end":{"line":46,"column":4}},{"start":{"line":46,"column":4},"end":{"line":46,"column":4}}]},"5":{"line":50,"type":"if","locations":[{"start":{"line":50,"column":5},"end":{"line":50,"column":5}},{"start":{"line":50,"column":5},"end":{"line":50,"column":5}}]},"6":{"line":61,"type":"if","locations":[{"start":{"line":61,"column":3},"end":{"line":61,"column":3}},{"start":{"line":61,"column":3},"end":{"line":61,"column":3}}]},"7":{"line":65,"type":"if","locations":[{"start":{"line":65,"column":4},"end":{"line":65,"column":4}},{"start":{"line":65,"column":4},"end":{"line":65,"column":4}}]}}},"/home/roger/Documents/Buse/app/models/bus.js":{"path":"/home/roger/Documents/Buse/app/models/bus.js","s":{"1":1,"2":1,"3":1,"4":1},"b":{},"f":{},"fnMap":{},"statementMap":{"1":{"start":{"line":1,"column":0},"end":{"line":1,"column":35}},"2":{"start":{"line":4,"column":0},"end":{"line":4,"column":29}},"3":{"start":{"line":6,"column":0},"end":{"line":11,"column":3}},"4":{"start":{"line":13,"column":0},"end":{"line":13,"column":50}}},"branchMap":{}}}