{"/home/roger/Documents/Buse/server.js":{"path":"/home/roger/Documents/Buse/server.js","s":{"1":1,"2":1,"3":1,"4":1,"5":1,"6":1,"7":1,"8":1,"9":1,"10":1,"11":1,"12":1,"13":1,"14":1,"15":1,"16":1,"17":1},"b":{"1":[1,1]},"f":{"1":1},"fnMap":{"1":{"name":"(anonymous_1)","line":12,"loc":{"start":{"line":12,"column":14},"end":{"line":12,"column":25}}}},"statementMap":{"1":{"start":{"line":2,"column":0},"end":{"line":2,"column":34}},"2":{"start":{"line":3,"column":0},"end":{"line":3,"column":22}},"3":{"start":{"line":4,"column":0},"end":{"line":4,"column":35}},"4":{"start":{"line":5,"column":0},"end":{"line":5,"column":41}},"5":{"start":{"line":6,"column":0},"end":{"line":6,"column":38}},"6":{"start":{"line":7,"column":0},"end":{"line":7,"column":22}},"7":{"start":{"line":10,"column":0},"end":{"line":10,"column":47}},"8":{"start":{"line":12,"column":0},"end":{"line":18,"column":3}},"9":{"start":{"line":13,"column":1},"end":{"line":13,"column":31}},"10":{"start":{"line":14,"column":1},"end":{"line":14,"column":32}},"11":{"start":{"line":15,"column":1},"end":{"line":15,"column":25}},"12":{"start":{"line":16,"column":1},"end":{"line":16,"column":31}},"13":{"start":{"line":17,"column":1},"end":{"line":17,"column":35}},"14":{"start":{"line":21,"column":0},"end":{"line":21,"column":32}},"15":{"start":{"line":24,"column":0},"end":{"line":24,"column":17}},"16":{"start":{"line":25,"column":0},"end":{"line":25,"column":46}},"17":{"start":{"line":28,"column":0},"end":{"line":28,"column":18}}},"branchMap":{"1":{"line":6,"type":"binary-expr","locations":[{"start":{"line":6,"column":13},"end":{"line":6,"column":29}},{"start":{"line":6,"column":33},"end":{"line":6,"column":37}}]}}},"/home/roger/Documents/Buse/config/database.js":{"path":"/home/roger/Documents/Buse/config/database.js","s":{"1":1,"2":1,"3":1,"4":0,"5":1,"6":1,"7":0,"8":1,"9":1},"b":{"1":[1,0],"2":[0,1]},"f":{"1":1},"fnMap":{"1":{"name":"(anonymous_1)","line":9,"loc":{"start":{"line":9,"column":24},"end":{"line":9,"column":44}}}},"statementMap":{"1":{"start":{"line":2,"column":0},"end":{"line":2,"column":8}},"2":{"start":{"line":4,"column":0},"end":{"line":9,"column":0}},"3":{"start":{"line":5,"column":1},"end":{"line":5,"column":33}},"4":{"start":{"line":7,"column":1},"end":{"line":9,"column":0}},"5":{"start":{"line":9,"column":0},"end":{"line":17,"column":0}},"6":{"start":{"line":10,"column":2},"end":{"line":14,"column":3}},"7":{"start":{"line":11,"column":3},"end":{"line":11,"column":53}},"8":{"start":{"line":13,"column":3},"end":{"line":13,"column":55}},"9":{"start":{"line":17,"column":0},"end":{"line":21,"column":0}}},"branchMap":{"1":{"line":4,"type":"if","locations":[{"start":{"line":4,"column":0},"end":{"line":4,"column":0}},{"start":{"line":4,"column":0},"end":{"line":4,"column":0}}]},"2":{"line":10,"type":"if","locations":[{"start":{"line":10,"column":2},"end":{"line":10,"column":2}},{"start":{"line":10,"column":2},"end":{"line":10,"column":2}}]}}},"/home/roger/Documents/Buse/app/routes.js":{"path":"/home/roger/Documents/Buse/app/routes.js","s":{"1":1,"2":1,"3":1,"4":1,"5":1,"6":0,"7":1,"8":1,"9":1,"10":1,"11":0,"12":1,"13":1,"14":0,"15":1,"16":1,"17":1,"18":1,"19":1,"20":1,"21":1,"22":1,"23":1,"24":1,"25":0,"26":1,"27":1,"28":0,"29":0,"30":0,"31":0,"32":0,"33":0,"34":0,"35":1,"36":0,"37":1,"38":0,"39":1,"40":0},"b":{"1":[0,1],"2":[0,1],"3":[0,1],"4":[1,0],"5":[0,1],"6":[0,0],"7":[0,0]},"f":{"1":1,"2":1,"3":1,"4":1,"5":1,"6":1,"7":1,"8":1,"9":1,"10":0,"11":0,"12":0,"13":0,"14":0,"15":0},"fnMap":{"1":{"name":"(anonymous_1)","line":5,"loc":{"start":{"line":5,"column":17},"end":{"line":5,"column":31}}},"2":{"name":"(anonymous_2)","line":9,"loc":{"start":{"line":9,"column":23},"end":{"line":9,"column":42}}},"3":{"name":"(anonymous_3)","line":12,"loc":{"start":{"line":12,"column":11},"end":{"line":12,"column":32}}},"4":{"name":"(anonymous_4)","line":23,"loc":{"start":{"line":23,"column":24},"end":{"line":23,"column":43}}},"5":{"name":"(anonymous_5)","line":31,"loc":{"start":{"line":31,"column":5},"end":{"line":31,"column":24}}},"6":{"name":"(anonymous_6)","line":36,"loc":{"start":{"line":36,"column":12},"end":{"line":36,"column":33}}},"7":{"name":"(anonymous_7)","line":46,"loc":{"start":{"line":46,"column":32},"end":{"line":46,"column":51}}},"8":{"name":"(anonymous_8)","line":55,"loc":{"start":{"line":55,"column":3},"end":{"line":55,"column":22}}},"9":{"name":"(anonymous_9)","line":58,"loc":{"start":{"line":58,"column":13},"end":{"line":58,"column":34}}},"10":{"name":"(anonymous_10)","line":67,"loc":{"start":{"line":67,"column":34},"end":{"line":67,"column":53}}},"11":{"name":"(anonymous_11)","line":70,"loc":{"start":{"line":70,"column":5},"end":{"line":70,"column":24}}},"12":{"name":"(anonymous_12)","line":75,"loc":{"start":{"line":75,"column":12},"end":{"line":75,"column":33}}},"13":{"name":"(anonymous_13)","line":84,"loc":{"start":{"line":84,"column":21},"end":{"line":84,"column":40}}},"14":{"name":"(anonymous_14)","line":88,"loc":{"start":{"line":88,"column":21},"end":{"line":88,"column":40}}},"15":{"name":"(anonymous_15)","line":92,"loc":{"start":{"line":92,"column":14},"end":{"line":92,"column":33}}}},"statementMap":{"1":{"start":{"line":2,"column":0},"end":{"line":2,"column":34}},"2":{"start":{"line":5,"column":0},"end":{"line":96,"column":2}},"3":{"start":{"line":9,"column":1},"end":{"line":20,"column":4}},"4":{"start":{"line":12,"column":2},"end":{"line":19,"column":5}},"5":{"start":{"line":15,"column":3},"end":{"line":18,"column":3}},"6":{"start":{"line":16,"column":4},"end":{"line":18,"column":3}},"7":{"start":{"line":18,"column":3},"end":{"line":18,"column":31}},"8":{"start":{"line":23,"column":1},"end":{"line":43,"column":4}},"9":{"start":{"line":26,"column":2},"end":{"line":41,"column":5}},"10":{"start":{"line":32,"column":3},"end":{"line":33,"column":18}},"11":{"start":{"line":33,"column":4},"end":{"line":33,"column":18}},"12":{"start":{"line":36,"column":3},"end":{"line":40,"column":6}},"13":{"start":{"line":37,"column":4},"end":{"line":39,"column":4}},"14":{"start":{"line":38,"column":5},"end":{"line":39,"column":4}},"15":{"start":{"line":39,"column":4},"end":{"line":39,"column":20}},"16":{"start":{"line":46,"column":1},"end":{"line":64,"column":4}},"17":{"start":{"line":47,"column":2},"end":{"line":47,"column":25}},"18":{"start":{"line":48,"column":2},"end":{"line":48,"column":25}},"19":{"start":{"line":49,"column":2},"end":{"line":49,"column":27}},"20":{"start":{"line":51,"column":2},"end":{"line":63,"column":6}},"21":{"start":{"line":56,"column":4},"end":{"line":57,"column":19}},"22":{"start":{"line":57,"column":5},"end":{"line":57,"column":19}},"23":{"start":{"line":58,"column":4},"end":{"line":62,"column":7}},"24":{"start":{"line":59,"column":5},"end":{"line":60,"column":22}},"25":{"start":{"line":60,"column":6},"end":{"line":60,"column":22}},"26":{"start":{"line":61,"column":5},"end":{"line":61,"column":21}},"27":{"start":{"line":67,"column":1},"end":{"line":81,"column":4}},"28":{"start":{"line":68,"column":2},"end":{"line":80,"column":5}},"29":{"start":{"line":71,"column":3},"end":{"line":72,"column":18}},"30":{"start":{"line":72,"column":4},"end":{"line":72,"column":18}},"31":{"start":{"line":75,"column":3},"end":{"line":79,"column":6}},"32":{"start":{"line":76,"column":4},"end":{"line":78,"column":4}},"33":{"start":{"line":77,"column":5},"end":{"line":78,"column":4}},"34":{"start":{"line":78,"column":4},"end":{"line":78,"column":20}},"35":{"start":{"line":84,"column":1},"end":{"line":86,"column":4}},"36":{"start":{"line":85,"column":2},"end":{"line":85,"column":40}},"37":{"start":{"line":88,"column":1},"end":{"line":90,"column":4}},"38":{"start":{"line":89,"column":2},"end":{"line":89,"column":40}},"39":{"start":{"line":92,"column":1},"end":{"line":94,"column":4}},"40":{"start":{"line":93,"column":2},"end":{"line":93,"column":38}}},"branchMap":{"1":{"line":15,"type":"if","locations":[{"start":{"line":15,"column":3},"end":{"line":15,"column":3}},{"start":{"line":15,"column":3},"end":{"line":15,"column":3}}]},"2":{"line":32,"type":"if","locations":[{"start":{"line":32,"column":3},"end":{"line":32,"column":3}},{"start":{"line":32,"column":3},"end":{"line":32,"column":3}}]},"3":{"line":37,"type":"if","locations":[{"start":{"line":37,"column":4},"end":{"line":37,"column":4}},{"start":{"line":37,"column":4},"end":{"line":37,"column":4}}]},"4":{"line":56,"type":"if","locations":[{"start":{"line":56,"column":4},"end":{"line":56,"column":4}},{"start":{"line":56,"column":4},"end":{"line":56,"column":4}}]},"5":{"line":59,"type":"if","locations":[{"start":{"line":59,"column":5},"end":{"line":59,"column":5}},{"start":{"line":59,"column":5},"end":{"line":59,"column":5}}]},"6":{"line":71,"type":"if","locations":[{"start":{"line":71,"column":3},"end":{"line":71,"column":3}},{"start":{"line":71,"column":3},"end":{"line":71,"column":3}}]},"7":{"line":76,"type":"if","locations":[{"start":{"line":76,"column":4},"end":{"line":76,"column":4}},{"start":{"line":76,"column":4},"end":{"line":76,"column":4}}]}}},"/home/roger/Documents/Buse/app/models/bus.js":{"path":"/home/roger/Documents/Buse/app/models/bus.js","s":{"1":1,"2":1,"3":1,"4":1},"b":{},"f":{},"fnMap":{},"statementMap":{"1":{"start":{"line":1,"column":0},"end":{"line":1,"column":35}},"2":{"start":{"line":4,"column":0},"end":{"line":4,"column":29}},"3":{"start":{"line":6,"column":0},"end":{"line":11,"column":3}},"4":{"start":{"line":13,"column":0},"end":{"line":13,"column":50}}},"branchMap":{}}}