TN:
SF:/home/roger/Documents/Buse/server.js
FN:12,(anonymous_1)
FNF:1
FNH:1
FNDA:1,(anonymous_1)
DA:2,1
DA:3,1
DA:4,1
DA:5,1
DA:6,1
DA:7,1
DA:10,1
DA:12,1
DA:13,1
DA:14,1
DA:15,1
DA:16,1
DA:17,1
DA:21,1
DA:24,1
DA:25,1
DA:28,1
LF:17
LH:17
BRDA:6,1,0,1
BRDA:6,1,1,1
BRF:2
BRH:2
end_of_record
TN:
SF:/home/roger/Documents/Buse/config/database.js
FN:9,(anonymous_1)
FNF:1
FNH:0
FNDA:0,(anonymous_1)
DA:2,1
DA:4,1
DA:5,1
DA:7,0
DA:9,1
DA:10,0
DA:11,0
DA:13,0
DA:17,1
LF:9
LH:5
BRDA:4,1,0,1
BRDA:4,1,1,0
BRDA:10,2,0,0
BRDA:10,2,1,0
BRF:4
BRH:1
end_of_record
TN:
SF:/home/roger/Documents/Buse/app/routes.js
FN:5,(anonymous_1)
FN:9,(anonymous_2)
FN:12,(anonymous_3)
FN:23,(anonymous_4)
FN:31,(anonymous_5)
FN:36,(anonymous_6)
FN:46,(anonymous_7)
FN:55,(anonymous_8)
FN:58,(anonymous_9)
FN:68,(anonymous_10)
FN:71,(anonymous_11)
FN:76,(anonymous_12)
FN:85,(anonymous_13)
FN:89,(anonymous_14)
FN:93,(anonymous_15)
FNF:15
FNH:1
FNDA:1,(anonymous_1)
FNDA:0,(anonymous_2)
FNDA:0,(anonymous_3)
FNDA:0,(anonymous_4)
FNDA:0,(anonymous_5)
FNDA:0,(anonymous_6)
FNDA:0,(anonymous_7)
FNDA:0,(anonymous_8)
FNDA:0,(anonymous_9)
FNDA:0,(anonymous_10)
FNDA:0,(anonymous_11)
FNDA:0,(anonymous_12)
FNDA:0,(anonymous_13)
FNDA:0,(anonymous_14)
FNDA:0,(anonymous_15)
DA:2,1
DA:5,1
DA:9,1
DA:12,0
DA:15,0
DA:16,0
DA:18,0
DA:23,1
DA:26,0
DA:32,0
DA:33,0
DA:36,0
DA:37,0
DA:38,0
DA:39,0
DA:46,1
DA:47,0
DA:48,0
DA:49,0
DA:51,0
DA:56,0
DA:57,0
DA:58,0
DA:59,0
DA:60,0
DA:61,0
DA:64,0
DA:68,1
DA:69,0
DA:72,0
DA:73,0
DA:76,0
DA:77,0
DA:78,0
DA:79,0
DA:85,1
DA:86,0
DA:89,1
DA:90,0
DA:93,1
DA:94,0
LF:41
LH:9
BRDA:15,1,0,0
BRDA:15,1,1,0
BRDA:32,2,0,0
BRDA:32,2,1,0
BRDA:37,3,0,0
BRDA:37,3,1,0
BRDA:56,4,0,0
BRDA:56,4,1,0
BRDA:59,5,0,0
BRDA:59,5,1,0
BRDA:72,6,0,0
BRDA:72,6,1,0
BRDA:77,7,0,0
BRDA:77,7,1,0
BRF:14
BRH:0
end_of_record
TN:
SF:/home/roger/Documents/Buse/app/models/bus.js
FNF:0
FNH:0
DA:1,1
DA:4,1
DA:6,1
DA:13,1
LF:4
LH:4
BRF:0
BRH:0
end_of_record
