TN:
SF:/home/roger/Documents/Buse/index.js
FNF:0
FNH:0
DA:1,1
DA:2,1
DA:3,1
DA:5,1
DA:6,1
LF:5
LH:5
BRF:0
BRH:0
end_of_record
TN:
SF:/home/roger/Documents/Buse/config/database.js
FN:10,(anonymous_1)
FNF:1
FNH:0
FNDA:0,(anonymous_1)
DA:3,1
DA:5,1
DA:6,0
DA:8,1
DA:10,1
DA:11,0
DA:12,0
DA:15,1
LF:8
LH:5
BRDA:5,1,0,0
BRDA:5,1,1,1
BRDA:11,2,0,0
BRDA:11,2,1,0
BRF:4
BRH:1
end_of_record
TN:
SF:/home/roger/Documents/Buse/server.js
FN:7,(anonymous_1)
FN:14,start
FNF:2
FNH:2
FNDA:1,(anonymous_1)
FNDA:1,start
DA:2,1
DA:3,1
DA:4,1
DA:7,1
DA:8,1
DA:9,1
DA:10,1
DA:11,1
DA:14,1
DA:16,1
DA:18,1
DA:19,1
DA:23,1
DA:24,1
LF:14
LH:14
BRDA:18,1,0,1
BRDA:18,1,1,1
BRF:2
BRH:2
end_of_record
TN:
SF:/home/roger/Documents/Buse/app/routes.js
FN:5,(anonymous_1)
FN:9,(anonymous_2)
FN:12,(anonymous_3)
FN:23,(anonymous_4)
FN:31,(anonymous_5)
FN:36,(anonymous_6)
FN:46,(anonymous_7)
FN:55,(anonymous_8)
FN:58,(anonymous_9)
FN:67,(anonymous_10)
FN:70,(anonymous_11)
FN:75,(anonymous_12)
FN:84,(anonymous_13)
FN:88,(anonymous_14)
FN:92,(anonymous_15)
FNF:15
FNH:2
FNDA:1,(anonymous_1)
FNDA:0,(anonymous_2)
FNDA:0,(anonymous_3)
FNDA:1,(anonymous_4)
FNDA:0,(anonymous_5)
FNDA:0,(anonymous_6)
FNDA:0,(anonymous_7)
FNDA:0,(anonymous_8)
FNDA:0,(anonymous_9)
FNDA:0,(anonymous_10)
FNDA:0,(anonymous_11)
FNDA:0,(anonymous_12)
FNDA:0,(anonymous_13)
FNDA:0,(anonymous_14)
FNDA:0,(anonymous_15)
DA:2,1
DA:5,1
DA:9,1
DA:12,0
DA:15,0
DA:16,0
DA:18,0
DA:23,1
DA:26,1
DA:32,0
DA:33,0
DA:36,0
DA:37,0
DA:38,0
DA:39,0
DA:46,1
DA:47,0
DA:48,0
DA:49,0
DA:51,0
DA:56,0
DA:57,0
DA:58,0
DA:59,0
DA:60,0
DA:61,0
DA:67,1
DA:68,0
DA:71,0
DA:72,0
DA:75,0
DA:76,0
DA:77,0
DA:78,0
DA:84,1
DA:85,0
DA:88,1
DA:89,0
DA:92,1
DA:93,0
LF:40
LH:10
BRDA:15,1,0,0
BRDA:15,1,1,0
BRDA:32,2,0,0
BRDA:32,2,1,0
BRDA:37,3,0,0
BRDA:37,3,1,0
BRDA:56,4,0,0
BRDA:56,4,1,0
BRDA:59,5,0,0
BRDA:59,5,1,0
BRDA:71,6,0,0
BRDA:71,6,1,0
BRDA:76,7,0,0
BRDA:76,7,1,0
BRF:14
BRH:0
end_of_record
TN:
SF:/home/roger/Documents/Buse/app/models/bus.js
FNF:0
FNH:0
DA:1,1
DA:4,1
DA:6,1
DA:13,1
LF:4
LH:4
BRF:0
BRH:0
end_of_record
